<?xml version="1.0" encoding="UTF-8"?>
<!-- Generated by org.testng.reporters.JUnitReportReporter -->
<testsuite hostname="LAPTOP-64Q437SJ" name="com.Hybrid.POM.qa.TestSuite.LoginTest" tests="1" failures="0" timestamp="14 Oct 2020 16:58:54 GMT" time="84.107" errors="0">
  <testcase name="login" time="84.107" classname="com.Hybrid.POM.qa.TestSuite.LoginTest"/>
</testsuite> <!-- com.Hybrid.POM.qa.TestSuite.LoginTest -->
