<?xml version="1.0" encoding="UTF-8"?>
<!-- Generated by org.testng.reporters.JUnitReportReporter -->
<testsuite hostname="LAPTOP-64Q437SJ" name="com.Hybrid.POM.qa.TestSuite.AccountCreationtest" tests="2" failures="0" timestamp="8 Oct 2020 09:57:51 GMT" time="36.254" errors="0">
  <testcase name="verifyAccountcreation" time="17.685" classname="com.Hybrid.POM.qa.TestSuite.AccountCreationtest"/>
  <testcase name="verifyAccountcreation" time="18.569" classname="com.Hybrid.POM.qa.TestSuite.AccountCreationtest"/>
</testsuite> <!-- com.Hybrid.POM.qa.TestSuite.AccountCreationtest -->
