<?xml version="1.0" encoding="UTF-8"?>
<!-- Generated by org.testng.reporters.JUnitReportReporter -->
<testsuite hostname="LAPTOP-64Q437SJ" name="com.Hybrid.POM.qa.POMtestcases.LoginPageTest" tests="1" failures="0" timestamp="14 Oct 2020 10:02:14 GMT" time="12.518" errors="0">
  <testcase name="VerifyLogintotheapp" time="12.518" classname="com.Hybrid.POM.qa.POMtestcases.LoginPageTest"/>
</testsuite> <!-- com.Hybrid.POM.qa.POMtestcases.LoginPageTest -->
